# JRE version: OpenJDK Runtime Environment Temurin-21.0.10+7 (21.0.10+7) (build 21.0.10+7-LTS)
# Java VM: OpenJDK 64-Bit Server VM Temurin-21.0.10+7 (21.0.10+7-LTS, mixed mode, sharing, tiered, compressed oops, compressed class ptrs, parallel gc, windows-amd64)
GC Precious Log:
 CardTable entry size: 512
 CPUs: 8 total, 8 available
 Memory: 7926M
 Large Page Support: Disabled
 NUMA Support: Disabled
 Compressed Oops: Enabled (32-bit)
 Alignments: Space 512K, Generation 512K, Heap 2M
 Heap Min Capacity: 100M
 Heap Initial Capacity: 100M
 Heap Max Capacity: 2G
 Pre-touch: Disabled
 Parallel Workers: 8
Heap:
 PSYoungGen      total 24064K, used 2378K [0x00000000d5580000, 0x00000000d7000000, 0x0000000100000000)
  eden space 22016K, 2% used [0x00000000d5580000,0x00000000d55ff1b0,0x00000000d6b00000)
  from space 2048K, 91% used [0x00000000d6e00000,0x00000000d6fd37a0,0x00000000d7000000)
  to   space 2560K, 0% used [0x00000000d6b00000,0x00000000d6b00000,0x00000000d6d80000)
 ParOldGen       total 68608K, used 60508K [0x0000000080000000, 0x0000000084300000, 0x00000000d5580000)
  object space 68608K, 88% used [0x0000000080000000,0x0000000083b170e8,0x0000000084300000)
 Metaspace       used 71789K, committed 73280K, reserved 1114112K
  class space    used 8326K, committed 8960K, reserved 1048576K
GC Heap History (20 events):
Event: 45.074 GC heap before
{Heap before GC invocations=38 (full 3):
 PSYoungGen      total 23552K, used 1440K [0x00000000d5580000, 0x00000000d6f00000, 0x0000000100000000)
  eden space 22016K, 0% used [0x00000000d5580000,0x00000000d5580000,0x00000000d6b00000)
  from space 1536K, 93% used [0x00000000d6b80000,0x00000000d6ce8010,0x00000000d6d00000)
  to   space 2048K, 0% used [0x00000000d6d00000,0x00000000d6d00000,0x00000000d6f00000)
 ParOldGen       total 68608K, used 53847K [0x0000000080000000, 0x0000000084300000, 0x00000000d5580000)
  object space 68608K, 78% used [0x0000000080000000,0x0000000083495dc8,0x0000000084300000)
 Metaspace       used 58721K, committed 60096K, reserved 1114112K
  class space    used 6905K, committed 7552K, reserved 1048576K
}
Event: 45.150 GC heap after
{Heap after GC invocations=38 (full 3):
 PSYoungGen      total 23552K, used 0K [0x00000000d5580000, 0x00000000d6f00000, 0x0000000100000000)
  eden space 22016K, 0% used [0x00000000d5580000,0x00000000d5580000,0x00000000d6b00000)
  from space 1536K, 0% used [0x00000000d6b80000,0x00000000d6b80000,0x00000000d6d00000)
  to   space 2048K, 0% used [0x00000000d6d00000,0x00000000d6d00000,0x00000000d6f00000)
 ParOldGen       total 68608K, used 52170K [0x0000000080000000, 0x0000000084300000, 0x00000000d5580000)
  object space 68608K, 76% used [0x0000000080000000,0x00000000832f29b0,0x0000000084300000)
 Metaspace       used 58712K, committed 60096K, reserved 1114112K
  class space    used 6902K, committed 7552K, reserved 1048576K
}
Event: 45.321 GC heap before
{Heap before GC invocations=39 (full 3):
 PSYoungGen      total 23552K, used 22016K [0x00000000d5580000, 0x00000000d6f00000, 0x0000000100000000)
  eden space 22016K, 100% used [0x00000000d5580000,0x00000000d6b00000,0x00000000d6b00000)
  from space 1536K, 0% used [0x00000000d6b80000,0x00000000d6b80000,0x00000000d6d00000)
  to   space 2048K, 0% used [0x00000000d6d00000,0x00000000d6d00000,0x00000000d6f00000)
 ParOldGen       total 68608K, used 52170K [0x0000000080000000, 0x0000000084300000, 0x00000000d5580000)
  object space 68608K, 76% used [0x0000000080000000,0x00000000832f29b0,0x0000000084300000)
 Metaspace       used 59220K, committed 60608K, reserved 1114112K
  class space    used 6952K, committed 7552K, reserved 1048576K
}
Event: 45.326 GC heap after
{Heap after GC invocations=39 (full 3):
 PSYoungGen      total 24064K, used 1944K [0x00000000d5580000, 0x00000000d6f00000, 0x0000000100000000)
  eden space 22016K, 0% used [0x00000000d5580000,0x00000000d5580000,0x00000000d6b00000)
  from space 2048K, 94% used [0x00000000d6d00000,0x00000000d6ee6220,0x00000000d6f00000)
  to   space 2048K, 0% used [0x00000000d6b00000,0x00000000d6b00000,0x00000000d6d00000)
 ParOldGen       total 68608K, used 52178K [0x0000000080000000, 0x0000000084300000, 0x00000000d5580000)
  object space 68608K, 76% used [0x0000000080000000,0x00000000832f49b0,0x0000000084300000)
 Metaspace       used 59220K, committed 60608K, reserved 1114112K
  class space    used 6952K, committed 7552K, reserved 1048576K
}
Event: 68.878 GC heap before
{Heap before GC invocations=40 (full 3):
 PSYoungGen      total 24064K, used 23701K [0x00000000d5580000, 0x00000000d6f00000, 0x0000000100000000)
  eden space 22016K, 98% used [0x00000000d5580000,0x00000000d6abf2b8,0x00000000d6b00000)
  from space 2048K, 94% used [0x00000000d6d00000,0x00000000d6ee6220,0x00000000d6f00000)
  to   space 2048K, 0% used [0x00000000d6b00000,0x00000000d6b00000,0x00000000d6d00000)
 ParOldGen       total 68608K, used 52178K [0x0000000080000000, 0x0000000084300000, 0x00000000d5580000)
  object space 68608K, 76% used [0x0000000080000000,0x00000000832f49b0,0x0000000084300000)
 Metaspace       used 61043K, committed 62336K, reserved 1114112K
  class space    used 7211K, committed 7808K, reserved 1048576K
}
Event: 68.882 GC heap after
{Heap after GC invocations=40 (full 3):
 PSYoungGen      total 24064K, used 1987K [0x00000000d5580000, 0x00000000d6f00000, 0x0000000100000000)
  eden space 22016K, 0% used [0x00000000d5580000,0x00000000d5580000,0x00000000d6b00000)
  from space 2048K, 97% used [0x00000000d6b00000,0x00000000d6cf0cb8,0x00000000d6d00000)
  to   space 2048K, 0% used [0x00000000d6d00000,0x00000000d6d00000,0x00000000d6f00000)
 ParOldGen       total 68608K, used 53971K [0x0000000080000000, 0x0000000084300000, 0x00000000d5580000)
  object space 68608K, 78% used [0x0000000080000000,0x00000000834b4e08,0x0000000084300000)
 Metaspace       used 61043K, committed 62336K, reserved 1114112K
  class space    used 7211K, committed 7808K, reserved 1048576K
}
Event: 961.190 GC heap before
{Heap before GC invocations=41 (full 3):
 PSYoungGen      total 24064K, used 24003K [0x00000000d5580000, 0x00000000d6f00000, 0x0000000100000000)
  eden space 22016K, 100% used [0x00000000d5580000,0x00000000d6b00000,0x00000000d6b00000)
  from space 2048K, 97% used [0x00000000d6b00000,0x00000000d6cf0cb8,0x00000000d6d00000)
  to   space 2048K, 0% used [0x00000000d6d00000,0x00000000d6d00000,0x00000000d6f00000)
 ParOldGen       total 68608K, used 53971K [0x0000000080000000, 0x0000000084300000, 0x00000000d5580000)
  object space 68608K, 78% used [0x0000000080000000,0x00000000834b4e08,0x0000000084300000)
 Metaspace       used 62419K, committed 63808K, reserved 1114112K
  class space    used 7358K, committed 7936K, reserved 1048576K
}
Event: 961.256 GC heap after
{Heap after GC invocations=41 (full 3):
 PSYoungGen      total 23040K, used 480K [0x00000000d5580000, 0x00000000d6e00000, 0x0000000100000000)
  eden space 22016K, 0% used [0x00000000d5580000,0x00000000d5580000,0x00000000d6b00000)
  from space 1024K, 46% used [0x00000000d6d00000,0x00000000d6d78000,0x00000000d6e00000)
  to   space 1536K, 0% used [0x00000000d6b00000,0x00000000d6b00000,0x00000000d6c80000)
 ParOldGen       total 68608K, used 55039K [0x0000000080000000, 0x0000000084300000, 0x00000000d5580000)
  object space 68608K, 80% used [0x0000000080000000,0x00000000835bfe28,0x0000000084300000)
 Metaspace       used 62419K, committed 63808K, reserved 1114112K
  class space    used 7358K, committed 7936K, reserved 1048576K
}
Event: 961.794 GC heap before
{Heap before GC invocations=42 (full 3):
 PSYoungGen      total 23040K, used 22490K [0x00000000d5580000, 0x00000000d6e00000, 0x0000000100000000)
  eden space 22016K, 99% used [0x00000000d5580000,0x00000000d6afeb20,0x00000000d6b00000)
  from space 1024K, 46% used [0x00000000d6d00000,0x00000000d6d78000,0x00000000d6e00000)
  to   space 1536K, 0% used [0x00000000d6b00000,0x00000000d6b00000,0x00000000d6c80000)
 ParOldGen       total 68608K, used 55039K [0x0000000080000000, 0x0000000084300000, 0x00000000d5580000)
  object space 68608K, 80% used [0x0000000080000000,0x00000000835bfe28,0x0000000084300000)
 Metaspace       used 64394K, committed 65792K, reserved 1114112K
  class space    used 7588K, committed 8192K, reserved 1048576K
}
Event: 961.798 GC heap after
{Heap after GC invocations=42 (full 3):
 PSYoungGen      total 23552K, used 1513K [0x00000000d5580000, 0x00000000d7200000, 0x0000000100000000)
  eden space 22016K, 0% used [0x00000000d5580000,0x00000000d5580000,0x00000000d6b00000)
  from space 1536K, 98% used [0x00000000d6b00000,0x00000000d6c7a490,0x00000000d6c80000)
  to   space 3584K, 0% used [0x00000000d6e80000,0x00000000d6e80000,0x00000000d7200000)
 ParOldGen       total 68608K, used 56311K [0x0000000080000000, 0x0000000084300000, 0x00000000d5580000)
  object space 68608K, 82% used [0x0000000080000000,0x00000000836fdd58,0x0000000084300000)
 Metaspace       used 64394K, committed 65792K, reserved 1114112K
  class space    used 7588K, committed 8192K, reserved 1048576K
}
Event: 961.848 GC heap before
{Heap before GC invocations=43 (full 3):
 PSYoungGen      total 23552K, used 23529K [0x00000000d5580000, 0x00000000d7200000, 0x0000000100000000)
  eden space 22016K, 100% used [0x00000000d5580000,0x00000000d6b00000,0x00000000d6b00000)
  from space 1536K, 98% used [0x00000000d6b00000,0x00000000d6c7a490,0x00000000d6c80000)
  to   space 3584K, 0% used [0x00000000d6e80000,0x00000000d6e80000,0x00000000d7200000)
 ParOldGen       total 68608K, used 56311K [0x0000000080000000, 0x0000000084300000, 0x00000000d5580000)
  object space 68608K, 82% used [0x0000000080000000,0x00000000836fdd58,0x0000000084300000)
 Metaspace       used 64414K, committed 65856K, reserved 1114112K
  class space    used 7588K, committed 8192K, reserved 1048576K
}
Event: 961.850 GC heap after
{Heap after GC invocations=43 (full 3):
 PSYoungGen      total 23040K, used 726K [0x00000000d5580000, 0x00000000d6f80000, 0x0000000100000000)
  eden space 22016K, 0% used [0x00000000d5580000,0x00000000d5580000,0x00000000d6b00000)
  from space 1024K, 70% used [0x00000000d6e80000,0x00000000d6f35a18,0x00000000d6f80000)
  to   space 1536K, 0% used [0x00000000d6c80000,0x00000000d6c80000,0x00000000d6e00000)
 ParOldGen       total 68608K, used 57685K [0x0000000080000000, 0x0000000084300000, 0x00000000d5580000)
  object space 68608K, 84% used [0x0000000080000000,0x0000000083855580,0x0000000084300000)
 Metaspace       used 64414K, committed 65856K, reserved 1114112K
  class space    used 7588K, committed 8192K, reserved 1048576K
}
Event: 962.232 GC heap before
{Heap before GC invocations=44 (full 3):
 PSYoungGen      total 23040K, used 22742K [0x00000000d5580000, 0x00000000d6f80000, 0x0000000100000000)
  eden space 22016K, 100% used [0x00000000d5580000,0x00000000d6b00000,0x00000000d6b00000)
  from space 1024K, 70% used [0x00000000d6e80000,0x00000000d6f35a18,0x00000000d6f80000)
  to   space 1536K, 0% used [0x00000000d6c80000,0x00000000d6c80000,0x00000000d6e00000)
 ParOldGen       total 68608K, used 57685K [0x0000000080000000, 0x0000000084300000, 0x00000000d5580000)
  object space 68608K, 84% used [0x0000000080000000,0x0000000083855580,0x0000000084300000)
 Metaspace       used 66246K, committed 67648K, reserved 1114112K
  class space    used 7769K, committed 8384K, reserved 1048576K
}
Event: 962.235 GC heap after
{Heap after GC invocations=44 (full 3):
 PSYoungGen      total 23552K, used 416K [0x00000000d5580000, 0x00000000d6f00000, 0x0000000100000000)
  eden space 22016K, 0% used [0x00000000d5580000,0x00000000d5580000,0x00000000d6b00000)
  from space 1536K, 27% used [0x00000000d6c80000,0x00000000d6ce8020,0x00000000d6e00000)
  to   space 1024K, 0% used [0x00000000d6e00000,0x00000000d6e00000,0x00000000d6f00000)
 ParOldGen       total 68608K, used 57701K [0x0000000080000000, 0x0000000084300000, 0x00000000d5580000)
  object space 68608K, 84% used [0x0000000080000000,0x0000000083859580,0x0000000084300000)
 Metaspace       used 66246K, committed 67648K, reserved 1114112K
  class space    used 7769K, committed 8384K, reserved 1048576K
}
Event: 962.543 GC heap before
{Heap before GC invocations=45 (full 3):
 PSYoungGen      total 23552K, used 22335K [0x00000000d5580000, 0x00000000d6f00000, 0x0000000100000000)
  eden space 22016K, 99% used [0x00000000d5580000,0x00000000d6ae7cd0,0x00000000d6b00000)
  from space 1536K, 27% used [0x00000000d6c80000,0x00000000d6ce8020,0x00000000d6e00000)
  to   space 1024K, 0% used [0x00000000d6e00000,0x00000000d6e00000,0x00000000d6f00000)
 ParOldGen       total 68608K, used 57701K [0x0000000080000000, 0x0000000084300000, 0x00000000d5580000)
  object space 68608K, 84% used [0x0000000080000000,0x0000000083859580,0x0000000084300000)
 Metaspace       used 67745K, committed 69248K, reserved 1114112K
  class space    used 7906K, committed 8576K, reserved 1048576K
}
Event: 962.545 GC heap after
{Heap after GC invocations=45 (full 3):
 PSYoungGen      total 23040K, used 1017K [0x00000000d5580000, 0x00000000d6f00000, 0x0000000100000000)
  eden space 22016K, 0% used [0x00000000d5580000,0x00000000d5580000,0x00000000d6b00000)
  from space 1024K, 99% used [0x00000000d6e00000,0x00000000d6efe6b8,0x00000000d6f00000)
  to   space 2048K, 0% used [0x00000000d6b00000,0x00000000d6b00000,0x00000000d6d00000)
 ParOldGen       total 68608K, used 58061K [0x0000000080000000, 0x0000000084300000, 0x00000000d5580000)
  object space 68608K, 84% used [0x0000000080000000,0x00000000838b35a0,0x0000000084300000)
 Metaspace       used 67745K, committed 69248K, reserved 1114112K
  class space    used 7906K, committed 8576K, reserved 1048576K
}
Event: 962.925 GC heap before
{Heap before GC invocations=46 (full 3):
 PSYoungGen      total 23040K, used 22980K [0x00000000d5580000, 0x00000000d6f00000, 0x0000000100000000)
  eden space 22016K, 99% used [0x00000000d5580000,0x00000000d6af2c50,0x00000000d6b00000)
  from space 1024K, 99% used [0x00000000d6e00000,0x00000000d6efe6b8,0x00000000d6f00000)
  to   space 2048K, 0% used [0x00000000d6b00000,0x00000000d6b00000,0x00000000d6d00000)
 ParOldGen       total 68608K, used 58061K [0x0000000080000000, 0x0000000084300000, 0x00000000d5580000)
  object space 68608K, 84% used [0x0000000080000000,0x00000000838b35a0,0x0000000084300000)
 Metaspace       used 70301K, committed 71808K, reserved 1114112K
  class space    used 8156K, committed 8832K, reserved 1048576K
}
Event: 962.929 GC heap after
{Heap after GC invocations=46 (full 3):
 PSYoungGen      total 24064K, used 2038K [0x00000000d5580000, 0x00000000d7100000, 0x0000000100000000)
  eden space 22016K, 0% used [0x00000000d5580000,0x00000000d5580000,0x00000000d6b00000)
  from space 2048K, 99% used [0x00000000d6b00000,0x00000000d6cfd980,0x00000000d6d00000)
  to   space 3072K, 0% used [0x00000000d6e00000,0x00000000d6e00000,0x00000000d7100000)
 ParOldGen       total 68608K, used 58681K [0x0000000080000000, 0x0000000084300000, 0x00000000d5580000)
  object space 68608K, 85% used [0x0000000080000000,0x000000008394e500,0x0000000084300000)
 Metaspace       used 70301K, committed 71808K, reserved 1114112K
  class space    used 8156K, committed 8832K, reserved 1048576K
}
Event: 2490.068 GC heap before
{Heap before GC invocations=47 (full 3):
 PSYoungGen      total 24064K, used 24054K [0x00000000d5580000, 0x00000000d7100000, 0x0000000100000000)
  eden space 22016K, 100% used [0x00000000d5580000,0x00000000d6b00000,0x00000000d6b00000)
  from space 2048K, 99% used [0x00000000d6b00000,0x00000000d6cfd980,0x00000000d6d00000)
  to   space 3072K, 0% used [0x00000000d6e00000,0x00000000d6e00000,0x00000000d7100000)
 ParOldGen       total 68608K, used 58681K [0x0000000080000000, 0x0000000084300000, 0x00000000d5580000)
  object space 68608K, 85% used [0x0000000080000000,0x000000008394e500,0x0000000084300000)
 Metaspace       used 71734K, committed 73216K, reserved 1114112K
  class space    used 8320K, committed 8960K, reserved 1048576K
}
Event: 2490.169 GC heap after
{Heap after GC invocations=47 (full 3):
 PSYoungGen      total 24064K, used 1869K [0x00000000d5580000, 0x00000000d7000000, 0x0000000100000000)
  eden space 22016K, 0% used [0x00000000d5580000,0x00000000d5580000,0x00000000d6b00000)
  from space 2048K, 91% used [0x00000000d6e00000,0x00000000d6fd37a0,0x00000000d7000000)
  to   space 2560K, 0% used [0x00000000d6b00000,0x00000000d6b00000,0x00000000d6d80000)
 ParOldGen       total 68608K, used 60508K [0x0000000080000000, 0x0000000084300000, 0x00000000d5580000)
  object space 68608K, 88% used [0x0000000080000000,0x0000000083b170e8,0x0000000084300000)
 Metaspace       used 71734K, committed 73216K, reserved 1114112K
  class space    used 8320K, committed 8960K, reserved 1048576K
}

