# JRE version: Java(TM) SE Runtime Environment (17.0.9+11) (build 17.0.9+11-LTS-201)
# Java VM: Java HotSpot(TM) 64-Bit Server VM (17.0.9+11-LTS-201, mixed mode, sharing, tiered, compressed oops, compressed class ptrs, g1 gc, windows-amd64)
GC Precious Log:
 CPUs: 8 total, 8 available
 Memory: 7926M
 Large Page Support: Disabled
 NUMA Support: Disabled
 Compressed Oops: Enabled (32-bit)
 Heap Region Size: 1M
 Heap Min Capacity: 256M
 Heap Initial Capacity: 256M
 Heap Max Capacity: 512M
 Pre-touch: Disabled
 Parallel Workers: 8
 Concurrent Workers: 2
 Concurrent Refinement Workers: 8
 Periodic GC: Disabled
Heap:
 garbage-first heap   total 301056K, used 235752K [0x00000000e0000000, 0x0000000100000000)
  region size 1024K, 21 young (21504K), 6 survivors (6144K)
 Metaspace       used 163142K, committed 164096K, reserved 524288K
  class space    used 20771K, committed 21248K, reserved 327680K
GC Heap History (20 events):
Event: 222.858 GC heap before
{Heap before GC invocations=86 (full 0):
 garbage-first heap   total 301056K, used 252487K [0x00000000e0000000, 0x0000000100000000)
  region size 1024K, 82 young (83968K), 8 survivors (8192K)
 Metaspace       used 133677K, committed 134464K, reserved 458752K
  class space    used 16957K, committed 17344K, reserved 327680K
}
Event: 222.869 GC heap after
{Heap after GC invocations=87 (full 0):
 garbage-first heap   total 301056K, used 184615K [0x00000000e0000000, 0x0000000100000000)
  region size 1024K, 8 young (8192K), 8 survivors (8192K)
 Metaspace       used 133677K, committed 134464K, reserved 458752K
  class space    used 16957K, committed 17344K, reserved 327680K
}
Event: 224.770 GC heap before
{Heap before GC invocations=87 (full 0):
 garbage-first heap   total 301056K, used 252199K [0x00000000e0000000, 0x0000000100000000)
  region size 1024K, 74 young (75776K), 8 survivors (8192K)
 Metaspace       used 139435K, committed 140288K, reserved 458752K
  class space    used 17646K, committed 18048K, reserved 327680K
}
Event: 224.777 GC heap after
{Heap after GC invocations=88 (full 0):
 garbage-first heap   total 301056K, used 187696K [0x00000000e0000000, 0x0000000100000000)
  region size 1024K, 3 young (3072K), 3 survivors (3072K)
 Metaspace       used 139435K, committed 140288K, reserved 458752K
  class space    used 17646K, committed 18048K, reserved 327680K
}
Event: 225.889 GC heap before
{Heap before GC invocations=88 (full 0):
 garbage-first heap   total 301056K, used 254256K [0x00000000e0000000, 0x0000000100000000)
  region size 1024K, 68 young (69632K), 3 survivors (3072K)
 Metaspace       used 144564K, committed 145408K, reserved 458752K
  class space    used 18512K, committed 18944K, reserved 327680K
}
Event: 225.896 GC heap after
{Heap after GC invocations=89 (full 0):
 garbage-first heap   total 301056K, used 189349K [0x00000000e0000000, 0x0000000100000000)
  region size 1024K, 5 young (5120K), 5 survivors (5120K)
 Metaspace       used 144564K, committed 145408K, reserved 458752K
  class space    used 18512K, committed 18944K, reserved 327680K
}
Event: 228.072 GC heap before
{Heap before GC invocations=89 (full 0):
 garbage-first heap   total 301056K, used 261029K [0x00000000e0000000, 0x0000000100000000)
  region size 1024K, 70 young (71680K), 5 survivors (5120K)
 Metaspace       used 150276K, committed 151168K, reserved 524288K
  class space    used 19218K, committed 19648K, reserved 327680K
}
Event: 228.083 GC heap after
{Heap after GC invocations=90 (full 0):
 garbage-first heap   total 301056K, used 189104K [0x00000000e0000000, 0x0000000100000000)
  region size 1024K, 9 young (9216K), 9 survivors (9216K)
 Metaspace       used 150276K, committed 151168K, reserved 524288K
  class space    used 19218K, committed 19648K, reserved 327680K
}
Event: 229.773 GC heap before
{Heap before GC invocations=90 (full 0):
 garbage-first heap   total 301056K, used 254640K [0x00000000e0000000, 0x0000000100000000)
  region size 1024K, 73 young (74752K), 9 survivors (9216K)
 Metaspace       used 153754K, committed 154688K, reserved 524288K
  class space    used 19723K, committed 20160K, reserved 327680K
}
Event: 229.786 GC heap after
{Heap after GC invocations=91 (full 0):
 garbage-first heap   total 301056K, used 193812K [0x00000000e0000000, 0x0000000100000000)
  region size 1024K, 10 young (10240K), 10 survivors (10240K)
 Metaspace       used 153754K, committed 154688K, reserved 524288K
  class space    used 19723K, committed 20160K, reserved 327680K
}
Event: 238.619 GC heap before
{Heap before GC invocations=91 (full 0):
 garbage-first heap   total 301056K, used 255252K [0x00000000e0000000, 0x0000000100000000)
  region size 1024K, 71 young (72704K), 10 survivors (10240K)
 Metaspace       used 159012K, committed 159936K, reserved 524288K
  class space    used 20410K, committed 20864K, reserved 327680K
}
Event: 238.630 GC heap after
{Heap after GC invocations=92 (full 0):
 garbage-first heap   total 301056K, used 195781K [0x00000000e0000000, 0x0000000100000000)
  region size 1024K, 7 young (7168K), 7 survivors (7168K)
 Metaspace       used 159012K, committed 159936K, reserved 524288K
  class space    used 20410K, committed 20864K, reserved 327680K
}
Event: 242.559 GC heap before
{Heap before GC invocations=92 (full 0):
 garbage-first heap   total 301056K, used 256197K [0x00000000e0000000, 0x0000000100000000)
  region size 1024K, 67 young (68608K), 7 survivors (7168K)
 Metaspace       used 162984K, committed 163968K, reserved 524288K
  class space    used 20769K, committed 21248K, reserved 327680K
}
Event: 242.568 GC heap after
{Heap after GC invocations=93 (full 0):
 garbage-first heap   total 301056K, used 199546K [0x00000000e0000000, 0x0000000100000000)
  region size 1024K, 6 young (6144K), 6 survivors (6144K)
 Metaspace       used 162984K, committed 163968K, reserved 524288K
  class space    used 20769K, committed 21248K, reserved 327680K
}
Event: 243.474 GC heap before
{Heap before GC invocations=93 (full 0):
 garbage-first heap   total 301056K, used 231290K [0x00000000e0000000, 0x0000000100000000)
  region size 1024K, 31 young (31744K), 6 survivors (6144K)
 Metaspace       used 163085K, committed 164032K, reserved 524288K
  class space    used 20771K, committed 21248K, reserved 327680K
}
Event: 243.482 GC heap after
{Heap after GC invocations=94 (full 0):
 garbage-first heap   total 301056K, used 200257K [0x00000000e0000000, 0x0000000100000000)
  region size 1024K, 4 young (4096K), 4 survivors (4096K)
 Metaspace       used 163085K, committed 164032K, reserved 524288K
  class space    used 20771K, committed 21248K, reserved 327680K
}
Event: 243.741 GC heap before
{Heap before GC invocations=94 (full 0):
 garbage-first heap   total 301056K, used 263745K [0x00000000e0000000, 0x0000000100000000)
  region size 1024K, 59 young (60416K), 4 survivors (4096K)
 Metaspace       used 163093K, committed 164032K, reserved 524288K
  class space    used 20771K, committed 21248K, reserved 327680K
}
Event: 243.757 GC heap after
{Heap after GC invocations=95 (full 0):
 garbage-first heap   total 301056K, used 215927K [0x00000000e0000000, 0x0000000100000000)
  region size 1024K, 8 young (8192K), 8 survivors (8192K)
 Metaspace       used 163093K, committed 164032K, reserved 524288K
  class space    used 20771K, committed 21248K, reserved 327680K
}
Event: 243.835 GC heap before
{Heap before GC invocations=95 (full 0):
 garbage-first heap   total 301056K, used 233335K [0x00000000e0000000, 0x0000000100000000)
  region size 1024K, 26 young (26624K), 8 survivors (8192K)
 Metaspace       used 163103K, committed 164032K, reserved 524288K
  class space    used 20771K, committed 21248K, reserved 327680K
}
Event: 243.846 GC heap after
{Heap after GC invocations=96 (full 0):
 garbage-first heap   total 301056K, used 222440K [0x00000000e0000000, 0x0000000100000000)
  region size 1024K, 6 young (6144K), 6 survivors (6144K)
 Metaspace       used 163103K, committed 164032K, reserved 524288K
  class space    used 20771K, committed 21248K, reserved 327680K
}

