# JRE version: OpenJDK Runtime Environment Temurin-21.0.10+7 (21.0.10+7) (build 21.0.10+7-LTS)
# Java VM: OpenJDK 64-Bit Server VM Temurin-21.0.10+7 (21.0.10+7-LTS, mixed mode, sharing, tiered, compressed oops, compressed class ptrs, g1 gc, windows-amd64)
GC Precious Log:
 CardTable entry size: 512
 Card Set container configuration: InlinePtr #cards 5 size 8 Array Of Cards #cards 12 size 40 Howl #buckets 4 coarsen threshold 1843 Howl Bitmap #cards 512 size 80 coarsen threshold 460 Card regions per heap region 1 cards per card region 2048
 CPUs: 8 total, 8 available
 Memory: 7926M
 Large Page Support: Disabled
 NUMA Support: Disabled
 Compressed Oops: Enabled (32-bit)
 Heap Region Size: 1M
 Heap Min Capacity: 256M
 Heap Initial Capacity: 256M
 Heap Max Capacity: 512M
 Pre-touch: Disabled
 Parallel Workers: 8
 Concurrent Workers: 2
 Concurrent Refinement Workers: 8
 Periodic GC: Disabled
Heap:
 garbage-first heap   total 262144K, used 176364K [0x00000000e0000000, 0x0000000100000000)
  region size 1024K, 150 young (153600K), 16 survivors (16384K)
 Metaspace       used 54103K, committed 55744K, reserved 393216K
  class space    used 7749K, committed 8576K, reserved 327680K
GC Heap History (14 events):
Event: 0.485 GC heap before
{Heap before GC invocations=0 (full 0):
 garbage-first heap   total 262144K, used 26624K [0x00000000e0000000, 0x0000000100000000)
  region size 1024K, 23 young (23552K), 0 survivors (0K)
 Metaspace       used 1102K, committed 1216K, reserved 393216K
  class space    used 80K, committed 128K, reserved 327680K
}
Event: 0.491 GC heap after
{Heap after GC invocations=1 (full 0):
 garbage-first heap   total 262144K, used 10453K [0x00000000e0000000, 0x0000000100000000)
  region size 1024K, 3 young (3072K), 3 survivors (3072K)
 Metaspace       used 1102K, committed 1216K, reserved 393216K
  class space    used 80K, committed 128K, reserved 327680K
}
Event: 1.106 GC heap before
{Heap before GC invocations=1 (full 0):
 garbage-first heap   total 262144K, used 41173K [0x00000000e0000000, 0x0000000100000000)
  region size 1024K, 33 young (33792K), 3 survivors (3072K)
 Metaspace       used 4245K, committed 4416K, reserved 393216K
  class space    used 544K, committed 640K, reserved 327680K
}
Event: 1.110 GC heap after
{Heap after GC invocations=2 (full 0):
 garbage-first heap   total 262144K, used 12014K [0x00000000e0000000, 0x0000000100000000)
  region size 1024K, 2 young (2048K), 2 survivors (2048K)
 Metaspace       used 4245K, committed 4416K, reserved 393216K
  class space    used 544K, committed 640K, reserved 327680K
}
Event: 3.958 GC heap before
{Heap before GC invocations=2 (full 0):
 garbage-first heap   total 262144K, used 143086K [0x00000000e0000000, 0x0000000100000000)
  region size 1024K, 130 young (133120K), 2 survivors (2048K)
 Metaspace       used 20834K, committed 21504K, reserved 393216K
  class space    used 3079K, committed 3392K, reserved 327680K
}
Event: 3.976 GC heap after
{Heap after GC invocations=3 (full 0):
 garbage-first heap   total 262144K, used 25283K [0x00000000e0000000, 0x0000000100000000)
  region size 1024K, 14 young (14336K), 14 survivors (14336K)
 Metaspace       used 20834K, committed 21504K, reserved 393216K
  class space    used 3079K, committed 3392K, reserved 327680K
}
Event: 5.677 GC heap before
{Heap before GC invocations=4 (full 0):
 garbage-first heap   total 262144K, used 117443K [0x00000000e0000000, 0x0000000100000000)
  region size 1024K, 106 young (108544K), 14 survivors (14336K)
 Metaspace       used 34727K, committed 35968K, reserved 393216K
  class space    used 5150K, committed 5760K, reserved 327680K
}
Event: 5.700 GC heap after
{Heap after GC invocations=5 (full 0):
 garbage-first heap   total 262144K, used 31958K [0x00000000e0000000, 0x0000000100000000)
  region size 1024K, 8 young (8192K), 8 survivors (8192K)
 Metaspace       used 34727K, committed 35968K, reserved 393216K
  class space    used 5150K, committed 5760K, reserved 327680K
}
Event: 5.731 GC heap before
{Heap before GC invocations=5 (full 0):
 garbage-first heap   total 262144K, used 31958K [0x00000000e0000000, 0x0000000100000000)
  region size 1024K, 9 young (9216K), 8 survivors (8192K)
 Metaspace       used 35004K, committed 36288K, reserved 393216K
  class space    used 5170K, committed 5824K, reserved 327680K
}
Event: 5.738 GC heap after
{Heap after GC invocations=6 (full 0):
 garbage-first heap   total 262144K, used 33015K [0x00000000e0000000, 0x0000000100000000)
  region size 1024K, 8 young (8192K), 8 survivors (8192K)
 Metaspace       used 35004K, committed 36288K, reserved 393216K
  class space    used 5170K, committed 5824K, reserved 327680K
}
Event: 5.811 GC heap before
{Heap before GC invocations=6 (full 0):
 garbage-first heap   total 262144K, used 35063K [0x00000000e0000000, 0x0000000100000000)
  region size 1024K, 12 young (12288K), 8 survivors (8192K)
 Metaspace       used 35350K, committed 36608K, reserved 393216K
  class space    used 5204K, committed 5824K, reserved 327680K
}
Event: 5.816 GC heap after
{Heap after GC invocations=7 (full 0):
 garbage-first heap   total 262144K, used 33316K [0x00000000e0000000, 0x0000000100000000)
  region size 1024K, 8 young (8192K), 8 survivors (8192K)
 Metaspace       used 35350K, committed 36608K, reserved 393216K
  class space    used 5204K, committed 5824K, reserved 327680K
}
Event: 7.830 GC heap before
{Heap before GC invocations=8 (full 0):
 garbage-first heap   total 262144K, used 188964K [0x00000000e0000000, 0x0000000100000000)
  region size 1024K, 153 young (156672K), 8 survivors (8192K)
 Metaspace       used 49888K, committed 51520K, reserved 393216K
  class space    used 7243K, committed 8064K, reserved 327680K
}
Event: 7.843 GC heap after
{Heap after GC invocations=9 (full 0):
 garbage-first heap   total 262144K, used 41196K [0x00000000e0000000, 0x0000000100000000)
  region size 1024K, 16 young (16384K), 16 survivors (16384K)
 Metaspace       used 49888K, committed 51520K, reserved 393216K
  class space    used 7243K, committed 8064K, reserved 327680K
}

