# JRE version: Java(TM) SE Runtime Environment (20.0+36) (build 20+36-2344)
# Java VM: Java HotSpot(TM) 64-Bit Server VM (20+36-2344, mixed mode, sharing, tiered, compressed oops, compressed class ptrs, g1 gc, windows-amd64)
GC Precious Log:
 CardTable entry size: 512
 Card Set container configuration: InlinePtr #cards 5 size 8 Array Of Cards #cards 12 size 40 Howl #buckets 4 coarsen threshold 1843 Howl Bitmap #cards 512 size 80 coarsen threshold 460 Card regions per heap region 1 cards per card region 2048
 CPUs: 8 total, 8 available
 Memory: 7926M
 Large Page Support: Disabled
 NUMA Support: Disabled
 Compressed Oops: Enabled (32-bit)
 Heap Region Size: 1M
 Heap Min Capacity: 128M
 Heap Initial Capacity: 128M
 Heap Max Capacity: 256M
 Pre-touch: Disabled
 Parallel Workers: 8
 Concurrent Workers: 2
 Concurrent Refinement Workers: 8
 Periodic GC: Disabled
Heap:
 garbage-first heap   total 131072K, used 49132K [0x00000000f0000000, 0x0000000100000000)
  region size 1024K, 38 young (38912K), 10 survivors (10240K)
 Metaspace       used 17569K, committed 18112K, reserved 225280K
  class space    used 2463K, committed 2688K, reserved 159744K
GC Heap History (6 events):
Event: 0.331 GC heap before
{Heap before GC invocations=0 (full 0):
 garbage-first heap   total 131072K, used 26624K [0x00000000f0000000, 0x0000000100000000)
  region size 1024K, 23 young (23552K), 0 survivors (0K)
 Metaspace       used 1064K, committed 1216K, reserved 225280K
  class space    used 73K, committed 128K, reserved 159744K
}
Event: 0.336 GC heap after
{Heap after GC invocations=1 (full 0):
 garbage-first heap   total 131072K, used 10500K [0x00000000f0000000, 0x0000000100000000)
  region size 1024K, 3 young (3072K), 3 survivors (3072K)
 Metaspace       used 1064K, committed 1216K, reserved 225280K
  class space    used 73K, committed 128K, reserved 159744K
}
Event: 0.785 GC heap before
{Heap before GC invocations=1 (full 0):
 garbage-first heap   total 131072K, used 41220K [0x00000000f0000000, 0x0000000100000000)
  region size 1024K, 33 young (33792K), 3 survivors (3072K)
 Metaspace       used 4212K, committed 4416K, reserved 225280K
  class space    used 523K, committed 640K, reserved 159744K
}
Event: 0.789 GC heap after
{Heap after GC invocations=2 (full 0):
 garbage-first heap   total 131072K, used 12038K [0x00000000f0000000, 0x0000000100000000)
  region size 1024K, 2 young (2048K), 2 survivors (2048K)
 Metaspace       used 4212K, committed 4416K, reserved 225280K
  class space    used 523K, committed 640K, reserved 159744K
}
Event: 2.334 GC heap before
{Heap before GC invocations=2 (full 0):
 garbage-first heap   total 131072K, used 88838K [0x00000000f0000000, 0x0000000100000000)
  region size 1024K, 76 young (77824K), 2 survivors (2048K)
 Metaspace       used 13567K, committed 14016K, reserved 225280K
  class space    used 1828K, committed 2048K, reserved 159744K
}
Event: 2.341 GC heap after
{Heap after GC invocations=3 (full 0):
 garbage-first heap   total 131072K, used 21484K [0x00000000f0000000, 0x0000000100000000)
  region size 1024K, 10 young (10240K), 10 survivors (10240K)
 Metaspace       used 13567K, committed 14016K, reserved 225280K
  class space    used 1828K, committed 2048K, reserved 159744K
}

