# JRE version: Java(TM) SE Runtime Environment (17.0.9+11) (build 17.0.9+11-LTS-201)
# Java VM: Java HotSpot(TM) 64-Bit Server VM (17.0.9+11-LTS-201, mixed mode, sharing, tiered, compressed oops, compressed class ptrs, g1 gc, windows-amd64)
GC Precious Log:
 CPUs: 8 total, 8 available
 Memory: 7926M
 Large Page Support: Disabled
 NUMA Support: Disabled
 Compressed Oops: Enabled (32-bit)
 Heap Region Size: 1M
 Heap Min Capacity: 8M
 Heap Initial Capacity: 8M
 Heap Max Capacity: 1982M
 Pre-touch: Disabled
 Parallel Workers: 8
 Concurrent Workers: 2
 Concurrent Refinement Workers: 8
 Periodic GC: Disabled
Heap:
 garbage-first heap   total 23552K, used 12700K [0x0000000084200000, 0x0000000100000000)
  region size 1024K, 10 young (10240K), 1 survivors (1024K)
 Metaspace       used 2954K, committed 3200K, reserved 1114112K
  class space    used 325K, committed 448K, reserved 1048576K
GC Heap History (18 events):
Event: 0.263 GC heap before
{Heap before GC invocations=0 (full 0):
 garbage-first heap   total 8192K, used 3072K [0x0000000084200000, 0x0000000100000000)
  region size 1024K, 3 young (3072K), 0 survivors (0K)
 Metaspace       used 1600K, committed 1792K, reserved 1114112K
  class space    used 165K, committed 256K, reserved 1048576K
}
Event: 0.267 GC heap after
{Heap after GC invocations=1 (full 0):
 garbage-first heap   total 8192K, used 1120K [0x0000000084200000, 0x0000000100000000)
  region size 1024K, 1 young (1024K), 1 survivors (1024K)
 Metaspace       used 1600K, committed 1792K, reserved 1114112K
  class space    used 165K, committed 256K, reserved 1048576K
}
Event: 0.329 GC heap before
{Heap before GC invocations=1 (full 0):
 garbage-first heap   total 8192K, used 2144K [0x0000000084200000, 0x0000000100000000)
  region size 1024K, 2 young (2048K), 1 survivors (1024K)
 Metaspace       used 1875K, committed 1984K, reserved 1114112K
  class space    used 199K, committed 256K, reserved 1048576K
}
Event: 0.333 GC heap after
{Heap after GC invocations=2 (full 0):
 garbage-first heap   total 8192K, used 1532K [0x0000000084200000, 0x0000000100000000)
  region size 1024K, 1 young (1024K), 1 survivors (1024K)
 Metaspace       used 1875K, committed 1984K, reserved 1114112K
  class space    used 199K, committed 256K, reserved 1048576K
}
Event: 0.362 GC heap before
{Heap before GC invocations=2 (full 0):
 garbage-first heap   total 8192K, used 2556K [0x0000000084200000, 0x0000000100000000)
  region size 1024K, 2 young (2048K), 1 survivors (1024K)
 Metaspace       used 2010K, committed 2112K, reserved 1114112K
  class space    used 216K, committed 256K, reserved 1048576K
}
Event: 0.364 GC heap after
{Heap after GC invocations=3 (full 0):
 garbage-first heap   total 8192K, used 2380K [0x0000000084200000, 0x0000000100000000)
  region size 1024K, 1 young (1024K), 1 survivors (1024K)
 Metaspace       used 2010K, committed 2112K, reserved 1114112K
  class space    used 216K, committed 256K, reserved 1048576K
}
Event: 0.402 GC heap before
{Heap before GC invocations=3 (full 0):
 garbage-first heap   total 8192K, used 3404K [0x0000000084200000, 0x0000000100000000)
  region size 1024K, 2 young (2048K), 1 survivors (1024K)
 Metaspace       used 2195K, committed 2368K, reserved 1114112K
  class space    used 237K, committed 320K, reserved 1048576K
}
Event: 0.406 GC heap after
{Heap after GC invocations=4 (full 0):
 garbage-first heap   total 8192K, used 2943K [0x0000000084200000, 0x0000000100000000)
  region size 1024K, 1 young (1024K), 1 survivors (1024K)
 Metaspace       used 2195K, committed 2368K, reserved 1114112K
  class space    used 237K, committed 320K, reserved 1048576K
}
Event: 0.433 GC heap before
{Heap before GC invocations=4 (full 0):
 garbage-first heap   total 8192K, used 3967K [0x0000000084200000, 0x0000000100000000)
  region size 1024K, 2 young (2048K), 1 survivors (1024K)
 Metaspace       used 2296K, committed 2496K, reserved 1114112K
  class space    used 252K, committed 384K, reserved 1048576K
}
Event: 0.435 GC heap after
{Heap after GC invocations=5 (full 0):
 garbage-first heap   total 13312K, used 2923K [0x0000000084200000, 0x0000000100000000)
  region size 1024K, 1 young (1024K), 1 survivors (1024K)
 Metaspace       used 2296K, committed 2496K, reserved 1114112K
  class space    used 252K, committed 384K, reserved 1048576K
}
Event: 0.483 GC heap before
{Heap before GC invocations=5 (full 0):
 garbage-first heap   total 13312K, used 4971K [0x0000000084200000, 0x0000000100000000)
  region size 1024K, 3 young (3072K), 1 survivors (1024K)
 Metaspace       used 2503K, committed 2816K, reserved 1114112K
  class space    used 287K, committed 448K, reserved 1048576K
}
Event: 0.486 GC heap after
{Heap after GC invocations=6 (full 0):
 garbage-first heap   total 13312K, used 3090K [0x0000000084200000, 0x0000000100000000)
  region size 1024K, 1 young (1024K), 1 survivors (1024K)
 Metaspace       used 2503K, committed 2816K, reserved 1114112K
  class space    used 287K, committed 448K, reserved 1048576K
}
Event: 0.562 GC heap before
{Heap before GC invocations=6 (full 0):
 garbage-first heap   total 13312K, used 6162K [0x0000000084200000, 0x0000000100000000)
  region size 1024K, 4 young (4096K), 1 survivors (1024K)
 Metaspace       used 2710K, committed 2944K, reserved 1114112K
  class space    used 314K, committed 448K, reserved 1048576K
}
Event: 0.569 GC heap after
{Heap after GC invocations=7 (full 0):
 garbage-first heap   total 13312K, used 3703K [0x0000000084200000, 0x0000000100000000)
  region size 1024K, 1 young (1024K), 1 survivors (1024K)
 Metaspace       used 2710K, committed 2944K, reserved 1114112K
  class space    used 314K, committed 448K, reserved 1048576K
}
Event: 0.619 GC heap before
{Heap before GC invocations=7 (full 0):
 garbage-first heap   total 13312K, used 6775K [0x0000000084200000, 0x0000000100000000)
  region size 1024K, 4 young (4096K), 1 survivors (1024K)
 Metaspace       used 2812K, committed 3072K, reserved 1114112K
  class space    used 315K, committed 448K, reserved 1048576K
}
Event: 0.623 GC heap after
{Heap after GC invocations=8 (full 0):
 garbage-first heap   total 13312K, used 4047K [0x0000000084200000, 0x0000000100000000)
  region size 1024K, 1 young (1024K), 1 survivors (1024K)
 Metaspace       used 2812K, committed 3072K, reserved 1114112K
  class space    used 315K, committed 448K, reserved 1048576K
}
Event: 0.648 GC heap before
{Heap before GC invocations=8 (full 0):
 garbage-first heap   total 13312K, used 7119K [0x0000000084200000, 0x0000000100000000)
  region size 1024K, 4 young (4096K), 1 survivors (1024K)
 Metaspace       used 2867K, committed 3136K, reserved 1114112K
  class space    used 319K, committed 448K, reserved 1048576K
}
Event: 0.651 GC heap after
{Heap after GC invocations=9 (full 0):
 garbage-first heap   total 23552K, used 4508K [0x0000000084200000, 0x0000000100000000)
  region size 1024K, 1 young (1024K), 1 survivors (1024K)
 Metaspace       used 2867K, committed 3136K, reserved 1114112K
  class space    used 319K, committed 448K, reserved 1048576K
}

